{"level":"info","message":"Root endpoint accessed","service":"acquisitions-api"}
{"level":"info","message":"::ffff:127.0.0.1 - - [03/Dec/2025:08:17:44 +0000] \"GET / HTTP/1.1\" 200 14 \"-\" \"Mozilla/5.0 (Windows NT 10.0; Win64; x64; rv:145.0) Gecko/20100101 Firefox/145.0\"","service":"acquisitions-api"}
{"level":"info","message":"::ffff:127.0.0.1 - - [03/Dec/2025:08:17:44 +0000] \"GET /favicon.ico HTTP/1.1\" 404 150 \"-\" \"Mozilla/5.0 (Windows NT 10.0; Win64; x64; rv:145.0) Gecko/20100101 Firefox/145.0\"","service":"acquisitions-api"}
{"level":"info","message":"Root endpoint accessed","service":"acquisitions-api"}
{"level":"info","message":"::ffff:127.0.0.1 - - [04/Dec/2025:18:50:31 +0000] \"GET / HTTP/1.1\" 200 14 \"-\" \"Mozilla/5.0 (Windows NT 10.0; Win64; x64; rv:145.0) Gecko/20100101 Firefox/145.0\"","service":"acquisitions-api"}
{"level":"info","message":"::ffff:127.0.0.1 - - [04/Dec/2025:18:50:31 +0000] \"GET /favicon.ico HTTP/1.1\" 404 150 \"-\" \"Mozilla/5.0 (Windows NT 10.0; Win64; x64; rv:145.0) Gecko/20100101 Firefox/145.0\"","service":"acquisitions-api"}
{"level":"info","message":"Health check endpoint accessed","service":"acquisitions-api"}
{"level":"info","message":"::ffff:127.0.0.1 - - [04/Dec/2025:18:50:38 +0000] \"GET /health HTTP/1.1\" 200 74 \"-\" \"Mozilla/5.0 (Windows NT 10.0; Win64; x64; rv:145.0) Gecko/20100101 Firefox/145.0\"","service":"acquisitions-api"}
{"level":"info","message":"::ffff:127.0.0.1 - - [04/Dec/2025:18:50:38 +0000] \"GET /favicon.ico HTTP/1.1\" 404 150 \"-\" \"Mozilla/5.0 (Windows NT 10.0; Win64; x64; rv:145.0) Gecko/20100101 Firefox/145.0\"","service":"acquisitions-api"}
{"level":"info","message":"API root endpoint accessed","service":"acquisitions-api"}
{"level":"info","message":"::ffff:127.0.0.1 - - [04/Dec/2025:18:50:50 +0000] \"GET /api/ HTTP/1.1\" 200 23 \"-\" \"Mozilla/5.0 (Windows NT 10.0; Win64; x64; rv:145.0) Gecko/20100101 Firefox/145.0\"","service":"acquisitions-api"}
{"level":"info","message":"::ffff:127.0.0.1 - - [04/Dec/2025:18:50:51 +0000] \"GET /favicon.ico HTTP/1.1\" 404 150 \"-\" \"Mozilla/5.0 (Windows NT 10.0; Win64; x64; rv:145.0) Gecko/20100101 Firefox/145.0\"","service":"acquisitions-api"}
{"level":"info","message":"::1 - - [04/Dec/2025:18:54:19 +0000] \"POST / HTTP/1.1\" 404 140 \"-\" \"PostmanRuntime/7.43.2\"","service":"acquisitions-api"}
{"level":"info","message":"::1 - - [04/Dec/2025:18:54:28 +0000] \"POST /api HTTP/1.1\" 404 143 \"-\" \"PostmanRuntime/7.43.2\"","service":"acquisitions-api"}
{"level":"info","message":"API root endpoint accessed","service":"acquisitions-api"}
{"level":"info","message":"::1 - - [04/Dec/2025:18:54:36 +0000] \"GET /api HTTP/1.1\" 200 23 \"-\" \"PostmanRuntime/7.43.2\"","service":"acquisitions-api"}
{"level":"info","message":"::1 - - [04/Dec/2025:18:54:58 +0000] \"POST /api/auth/sign-in HTTP/1.1\" 200 31 \"-\" \"PostmanRuntime/7.43.2\"","service":"acquisitions-api"}
{"level":"info","message":"::1 - - [04/Dec/2025:19:26:26 +0000] \"POST /api/auth/sign-up HTTP/1.1\" 400 95 \"-\" \"PostmanRuntime/7.43.2\"","service":"acquisitions-api"}
{"level":"info","message":"::1 - - [04/Dec/2025:19:26:31 +0000] \"GET /api/auth/sign-up HTTP/1.1\" 404 155 \"-\" \"PostmanRuntime/7.43.2\"","service":"acquisitions-api"}
{"level":"info","message":"::1 - - [04/Dec/2025:19:28:02 +0000] \"GET /api/auth/sign-up HTTP/1.1\" 404 155 \"-\" \"PostmanRuntime/7.43.2\"","service":"acquisitions-api"}
{"level":"info","message":"::1 - - [04/Dec/2025:19:28:06 +0000] \"POST /api/auth/sign-up HTTP/1.1\" 400 95 \"-\" \"PostmanRuntime/7.43.2\"","service":"acquisitions-api"}
{"level":"info","message":"::1 - - [04/Dec/2025:19:28:43 +0000] \"POST /api/auth/sign-up HTTP/1.1\" 400 95 \"-\" \"PostmanRuntime/7.43.2\"","service":"acquisitions-api"}
{"level":"info","message":"::1 - - [04/Dec/2025:19:29:09 +0000] \"POST /api/auth/sign-up HTTP/1.1\" 400 95 \"-\" \"PostmanRuntime/7.43.2\"","service":"acquisitions-api"}
{"level":"info","message":"::1 - - [04/Dec/2025:19:31:28 +0000] \"POST /api/auth/sign-up HTTP/1.1\" 400 95 \"-\" \"PostmanRuntime/7.43.2\"","service":"acquisitions-api"}
{"level":"info","message":"::1 - - [04/Dec/2025:19:31:38 +0000] \"GET /api/auth/sign-up HTTP/1.1\" 404 155 \"-\" \"PostmanRuntime/7.43.2\"","service":"acquisitions-api"}
{"level":"info","message":"::1 - - [04/Dec/2025:19:31:44 +0000] \"POST /api/auth/sign-up HTTP/1.1\" 400 95 \"-\" \"PostmanRuntime/7.43.2\"","service":"acquisitions-api"}
{"level":"info","message":"::1 - - [04/Dec/2025:19:33:24 +0000] \"POST /api/auth/sign-up HTTP/1.1\" 400 95 \"-\" \"PostmanRuntime/7.43.2\"","service":"acquisitions-api"}
{"level":"info","message":"::1 - - [04/Dec/2025:19:34:38 +0000] \"POST /api/auth/sign-up HTTP/1.1\" 400 95 \"-\" \"PostmanRuntime/7.43.2\"","service":"acquisitions-api"}
{"level":"info","message":"::1 - - [04/Dec/2025:19:34:51 +0000] \"POST /api/auth/sign-up HTTP/1.1\" 400 95 \"-\" \"PostmanRuntime/7.43.2\"","service":"acquisitions-api"}
{"level":"info","message":"::1 - - [04/Dec/2025:19:35:34 +0000] \"POST /api/auth/sign-up HTTP/1.1\" 400 95 \"-\" \"PostmanRuntime/7.43.2\"","service":"acquisitions-api"}
{"level":"info","message":"::1 - - [04/Dec/2025:19:36:12 +0000] \"POST /api/auth/sign-in HTTP/1.1\" 200 31 \"-\" \"PostmanRuntime/7.43.2\"","service":"acquisitions-api"}
{"level":"info","message":"::1 - - [04/Dec/2025:19:36:25 +0000] \"POST /api/auth/sign-up HTTP/1.1\" 400 95 \"-\" \"PostmanRuntime/7.43.2\"","service":"acquisitions-api"}
{"level":"info","message":"::1 - - [04/Dec/2025:19:37:10 +0000] \"POST /api/auth/sign-up HTTP/1.1\" 400 95 \"-\" \"PostmanRuntime/7.43.2\"","service":"acquisitions-api"}
{"level":"info","message":"::1 - - [04/Dec/2025:19:37:25 +0000] \"POST /api/auth/sign-up HTTP/1.1\" 400 29 \"-\" \"PostmanRuntime/7.43.2\"","service":"acquisitions-api"}
{"level":"info","message":"::1 - - [04/Dec/2025:19:37:41 +0000] \"POST /api/auth/sign-up HTTP/1.1\" 400 62 \"-\" \"PostmanRuntime/7.43.2\"","service":"acquisitions-api"}
{"level":"info","message":"::1 - - [04/Dec/2025:19:38:07 +0000] \"POST /api/auth/sign-up HTTP/1.1\" 400 62 \"-\" \"PostmanRuntime/7.43.2\"","service":"acquisitions-api"}
{"level":"info","message":"::1 - - [04/Dec/2025:19:38:11 +0000] \"POST /api/auth/sign-up HTTP/1.1\" 400 62 \"-\" \"PostmanRuntime/7.43.2\"","service":"acquisitions-api"}
{"level":"info","message":"::1 - - [04/Dec/2025:19:40:24 +0000] \"POST /api/auth/sign-up HTTP/1.1\" 400 95 \"-\" \"PostmanRuntime/7.43.2\"","service":"acquisitions-api"}
{"level":"info","message":"::1 - - [04/Dec/2025:19:41:07 +0000] \"POST /api/auth/sign-up HTTP/1.1\" 400 103 \"-\" \"PostmanRuntime/7.43.2\"","service":"acquisitions-api"}
{"level":"info","message":"User signed up: Shanks, shanks@example.com, user","service":"acquisitions-api"}
{"level":"info","message":"::1 - - [04/Dec/2025:19:41:23 +0000] \"POST /api/auth/sign-up HTTP/1.1\" 201 116 \"-\" \"PostmanRuntime/7.43.2\"","service":"acquisitions-api"}
{"level":"error","message":"Error creating user: Cannot convert undefined or null to object","service":"acquisitions-api","stack":"TypeError: Cannot convert undefined or null to object\n    at Function.entries (<anonymous>)\n    at orderSelectedFields (file:///D:/Big%20Skill%20Things/acquisitions/node_modules/drizzle-orm/utils.js:53:17)\n    at file:///D:/Big%20Skill%20Things/acquisitions/node_modules/drizzle-orm/utils.js:63:22\n    at Array.reduce (<anonymous>)\n    at orderSelectedFields (file:///D:/Big%20Skill%20Things/acquisitions/node_modules/drizzle-orm/utils.js:53:33)\n    at QueryPromise.returning (file:///D:/Big%20Skill%20Things/acquisitions/node_modules/drizzle-orm/pg-core/query-builders/insert.js:75:29)\n    at createUser (file:///D:/Big%20Skill%20Things/acquisitions/src/services/auth.service.js:29:8)\n    at async signup (file:///D:/Big%20Skill%20Things/acquisitions/src/controllers/auth.controller.js:16:18)"}
{"level":"error","message":"Error in sign-up: Cannot convert undefined or null to object","service":"acquisitions-api","stack":"TypeError: Cannot convert undefined or null to object\n    at Function.entries (<anonymous>)\n    at orderSelectedFields (file:///D:/Big%20Skill%20Things/acquisitions/node_modules/drizzle-orm/utils.js:53:17)\n    at file:///D:/Big%20Skill%20Things/acquisitions/node_modules/drizzle-orm/utils.js:63:22\n    at Array.reduce (<anonymous>)\n    at orderSelectedFields (file:///D:/Big%20Skill%20Things/acquisitions/node_modules/drizzle-orm/utils.js:53:33)\n    at QueryPromise.returning (file:///D:/Big%20Skill%20Things/acquisitions/node_modules/drizzle-orm/pg-core/query-builders/insert.js:75:29)\n    at createUser (file:///D:/Big%20Skill%20Things/acquisitions/src/services/auth.service.js:29:8)\n    at async signup (file:///D:/Big%20Skill%20Things/acquisitions/src/controllers/auth.controller.js:16:18)"}
{"level":"info","message":"::1 - - [04/Dec/2025:20:40:35 +0000] \"POST /api/auth/sign-up HTTP/1.1\" 500 1036 \"-\" \"PostmanRuntime/7.43.2\"","service":"acquisitions-api"}
{"level":"error","message":"Error creating user: Cannot convert undefined or null to object","service":"acquisitions-api","stack":"TypeError: Cannot convert undefined or null to object\n    at Function.entries (<anonymous>)\n    at orderSelectedFields (file:///D:/Big%20Skill%20Things/acquisitions/node_modules/drizzle-orm/utils.js:53:17)\n    at file:///D:/Big%20Skill%20Things/acquisitions/node_modules/drizzle-orm/utils.js:63:22\n    at Array.reduce (<anonymous>)\n    at orderSelectedFields (file:///D:/Big%20Skill%20Things/acquisitions/node_modules/drizzle-orm/utils.js:53:33)\n    at QueryPromise.returning (file:///D:/Big%20Skill%20Things/acquisitions/node_modules/drizzle-orm/pg-core/query-builders/insert.js:75:29)\n    at createUser (file:///D:/Big%20Skill%20Things/acquisitions/src/services/auth.service.js:29:8)\n    at async signup (file:///D:/Big%20Skill%20Things/acquisitions/src/controllers/auth.controller.js:16:18)"}
{"level":"error","message":"Error in sign-up: Cannot convert undefined or null to object","service":"acquisitions-api","stack":"TypeError: Cannot convert undefined or null to object\n    at Function.entries (<anonymous>)\n    at orderSelectedFields (file:///D:/Big%20Skill%20Things/acquisitions/node_modules/drizzle-orm/utils.js:53:17)\n    at file:///D:/Big%20Skill%20Things/acquisitions/node_modules/drizzle-orm/utils.js:63:22\n    at Array.reduce (<anonymous>)\n    at orderSelectedFields (file:///D:/Big%20Skill%20Things/acquisitions/node_modules/drizzle-orm/utils.js:53:33)\n    at QueryPromise.returning (file:///D:/Big%20Skill%20Things/acquisitions/node_modules/drizzle-orm/pg-core/query-builders/insert.js:75:29)\n    at createUser (file:///D:/Big%20Skill%20Things/acquisitions/src/services/auth.service.js:29:8)\n    at async signup (file:///D:/Big%20Skill%20Things/acquisitions/src/controllers/auth.controller.js:16:18)"}
{"level":"info","message":"::1 - - [04/Dec/2025:20:43:24 +0000] \"POST /api/auth/sign-up HTTP/1.1\" 500 1036 \"-\" \"PostmanRuntime/7.43.2\"","service":"acquisitions-api"}
{"level":"error","message":"Error creating user: Cannot convert undefined or null to object","service":"acquisitions-api","stack":"TypeError: Cannot convert undefined or null to object\n    at Function.entries (<anonymous>)\n    at orderSelectedFields (file:///D:/Big%20Skill%20Things/acquisitions/node_modules/drizzle-orm/utils.js:53:17)\n    at file:///D:/Big%20Skill%20Things/acquisitions/node_modules/drizzle-orm/utils.js:63:22\n    at Array.reduce (<anonymous>)\n    at orderSelectedFields (file:///D:/Big%20Skill%20Things/acquisitions/node_modules/drizzle-orm/utils.js:53:33)\n    at QueryPromise.returning (file:///D:/Big%20Skill%20Things/acquisitions/node_modules/drizzle-orm/pg-core/query-builders/insert.js:75:29)\n    at createUser (file:///D:/Big%20Skill%20Things/acquisitions/src/services/auth.service.js:29:8)\n    at async signup (file:///D:/Big%20Skill%20Things/acquisitions/src/controllers/auth.controller.js:16:18)"}
{"level":"error","message":"Error in sign-up: Cannot convert undefined or null to object","service":"acquisitions-api","stack":"TypeError: Cannot convert undefined or null to object\n    at Function.entries (<anonymous>)\n    at orderSelectedFields (file:///D:/Big%20Skill%20Things/acquisitions/node_modules/drizzle-orm/utils.js:53:17)\n    at file:///D:/Big%20Skill%20Things/acquisitions/node_modules/drizzle-orm/utils.js:63:22\n    at Array.reduce (<anonymous>)\n    at orderSelectedFields (file:///D:/Big%20Skill%20Things/acquisitions/node_modules/drizzle-orm/utils.js:53:33)\n    at QueryPromise.returning (file:///D:/Big%20Skill%20Things/acquisitions/node_modules/drizzle-orm/pg-core/query-builders/insert.js:75:29)\n    at createUser (file:///D:/Big%20Skill%20Things/acquisitions/src/services/auth.service.js:29:8)\n    at async signup (file:///D:/Big%20Skill%20Things/acquisitions/src/controllers/auth.controller.js:16:18)"}
{"level":"info","message":"::1 - - [04/Dec/2025:20:43:32 +0000] \"POST /api/auth/sign-up HTTP/1.1\" 500 1036 \"-\" \"PostmanRuntime/7.43.2\"","service":"acquisitions-api"}
{"level":"error","message":"Error creating the user: TypeError: Cannot convert undefined or null to object","service":"acquisitions-api"}
{"level":"error","message":"Error in sign-up: Cannot convert undefined or null to object","service":"acquisitions-api","stack":"TypeError: Cannot convert undefined or null to object\n    at Function.entries (<anonymous>)\n    at orderSelectedFields (file:///D:/Big%20Skill%20Things/acquisitions/node_modules/drizzle-orm/utils.js:53:17)\n    at file:///D:/Big%20Skill%20Things/acquisitions/node_modules/drizzle-orm/utils.js:63:22\n    at Array.reduce (<anonymous>)\n    at orderSelectedFields (file:///D:/Big%20Skill%20Things/acquisitions/node_modules/drizzle-orm/utils.js:53:33)\n    at QueryPromise.returning (file:///D:/Big%20Skill%20Things/acquisitions/node_modules/drizzle-orm/pg-core/query-builders/insert.js:75:29)\n    at createUser (file:///D:/Big%20Skill%20Things/acquisitions/src/services/auth.service.js:33:8)\n    at async signup (file:///D:/Big%20Skill%20Things/acquisitions/src/controllers/auth.controller.js:16:18)"}
{"level":"info","message":"::1 - - [04/Dec/2025:20:48:36 +0000] \"POST /api/auth/sign-up HTTP/1.1\" 500 1036 \"-\" \"PostmanRuntime/7.43.2\"","service":"acquisitions-api"}
{"level":"info","message":"::1 - - [04/Dec/2025:20:49:17 +0000] \"POST /api/auth/sign-up HTTP/1.1\" 400 95 \"-\" \"PostmanRuntime/7.43.2\"","service":"acquisitions-api"}
{"level":"error","message":"Error creating the user: TypeError: Cannot convert undefined or null to object","service":"acquisitions-api"}
{"level":"error","message":"Error in sign-up: Cannot convert undefined or null to object","service":"acquisitions-api","stack":"TypeError: Cannot convert undefined or null to object\n    at Function.entries (<anonymous>)\n    at orderSelectedFields (file:///D:/Big%20Skill%20Things/acquisitions/node_modules/drizzle-orm/utils.js:53:17)\n    at file:///D:/Big%20Skill%20Things/acquisitions/node_modules/drizzle-orm/utils.js:63:22\n    at Array.reduce (<anonymous>)\n    at orderSelectedFields (file:///D:/Big%20Skill%20Things/acquisitions/node_modules/drizzle-orm/utils.js:53:33)\n    at QueryPromise.returning (file:///D:/Big%20Skill%20Things/acquisitions/node_modules/drizzle-orm/pg-core/query-builders/insert.js:75:29)\n    at createUser (file:///D:/Big%20Skill%20Things/acquisitions/src/services/auth.service.js:33:8)\n    at async signup (file:///D:/Big%20Skill%20Things/acquisitions/src/controllers/auth.controller.js:16:18)"}
{"level":"info","message":"::1 - - [04/Dec/2025:20:49:29 +0000] \"POST /api/auth/sign-up HTTP/1.1\" 500 1036 \"-\" \"PostmanRuntime/7.43.2\"","service":"acquisitions-api"}
{"level":"info","message":"::1 - - [04/Dec/2025:20:49:42 +0000] \"POST /api/auth/sign-up HTTP/1.1\" 400 222 \"-\" \"PostmanRuntime/7.43.2\"","service":"acquisitions-api"}
{"level":"error","message":"Error creating the user: TypeError: Cannot convert undefined or null to object","service":"acquisitions-api"}
{"level":"error","message":"Error in sign-up: Cannot convert undefined or null to object","service":"acquisitions-api","stack":"TypeError: Cannot convert undefined or null to object\n    at Function.entries (<anonymous>)\n    at orderSelectedFields (file:///D:/Big%20Skill%20Things/acquisitions/node_modules/drizzle-orm/utils.js:53:17)\n    at file:///D:/Big%20Skill%20Things/acquisitions/node_modules/drizzle-orm/utils.js:63:22\n    at Array.reduce (<anonymous>)\n    at orderSelectedFields (file:///D:/Big%20Skill%20Things/acquisitions/node_modules/drizzle-orm/utils.js:53:33)\n    at QueryPromise.returning (file:///D:/Big%20Skill%20Things/acquisitions/node_modules/drizzle-orm/pg-core/query-builders/insert.js:75:29)\n    at createUser (file:///D:/Big%20Skill%20Things/acquisitions/src/services/auth.service.js:33:8)\n    at async signup (file:///D:/Big%20Skill%20Things/acquisitions/src/controllers/auth.controller.js:16:18)"}
{"level":"info","message":"::1 - - [04/Dec/2025:20:50:05 +0000] \"POST /api/auth/sign-up HTTP/1.1\" 500 1036 \"-\" \"PostmanRuntime/7.43.2\"","service":"acquisitions-api"}
{"level":"info","message":"Created new user: shanks@example.com","service":"acquisitions-api"}
{"level":"info","message":"User signed up: Shanks, shanks@example.com, admin","service":"acquisitions-api"}
{"level":"info","message":"::1 - - [04/Dec/2025:20:50:41 +0000] \"POST /api/auth/sign-up HTTP/1.1\" 201 117 \"-\" \"PostmanRuntime/7.43.2\"","service":"acquisitions-api"}
{"level":"error","message":"Error creating user: User with this email already exists","service":"acquisitions-api","stack":"Error: User with this email already exists\n    at createUser (file:///D:/Big%20Skill%20Things/acquisitions/src/services/auth.service.js:26:13)\n    at process.processTicksAndRejections (node:internal/process/task_queues:95:5)\n    at async signup (file:///D:/Big%20Skill%20Things/acquisitions/src/controllers/auth.controller.js:16:18)"}
{"level":"error","message":"Error in sign-up: User with this email already exists","service":"acquisitions-api","stack":"Error: User with this email already exists\n    at createUser (file:///D:/Big%20Skill%20Things/acquisitions/src/services/auth.service.js:26:13)\n    at process.processTicksAndRejections (node:internal/process/task_queues:95:5)\n    at async signup (file:///D:/Big%20Skill%20Things/acquisitions/src/controllers/auth.controller.js:16:18)"}
{"level":"info","message":"::1 - - [04/Dec/2025:20:50:55 +0000] \"POST /api/auth/sign-up HTTP/1.1\" 409 47 \"-\" \"PostmanRuntime/7.43.2\"","service":"acquisitions-api"}
{"level":"info","message":"Created new user: shanks1@example.com","service":"acquisitions-api"}
{"level":"info","message":"User signed up: Shanks, shanks1@example.com, user","service":"acquisitions-api"}
{"level":"info","message":"::1 - - [04/Dec/2025:20:51:02 +0000] \"POST /api/auth/sign-up HTTP/1.1\" 201 117 \"-\" \"PostmanRuntime/7.43.2\"","service":"acquisitions-api"}
{"level":"info","message":"Created new user: shanks111@example.com","service":"acquisitions-api"}
{"level":"info","message":"User signed up: Shanks11, shanks111@example.com, user","service":"acquisitions-api"}
{"level":"info","message":"::1 - - [04/Dec/2025:20:51:12 +0000] \"POST /api/auth/sign-up HTTP/1.1\" 201 121 \"-\" \"PostmanRuntime/7.43.2\"","service":"acquisitions-api"}
{"level":"info","message":"User shanks111@example.com authenticated successfully","service":"acquisitions-api"}
{"level":"info","message":"User signed in successfully: shanks111@example.com","service":"acquisitions-api"}
{"level":"info","message":"::1 - - [04/Dec/2025:21:02:14 +0000] \"POST /api/auth/sign-in HTTP/1.1\" 200 121 \"-\" \"PostmanRuntime/7.49.1\"","service":"acquisitions-api"}
{"level":"info","message":"User signed out successfully","service":"acquisitions-api"}
{"level":"info","message":"::1 - - [04/Dec/2025:21:02:25 +0000] \"POST /api/auth/sign-out HTTP/1.1\" 200 42 \"-\" \"PostmanRuntime/7.49.1\"","service":"acquisitions-api"}
{"ip":"::1","level":"warn","message":"Blocked bot request","path":"/api/auth/sign-out","service":"acquisitions-api","userAgent":"PostmanRuntime/7.49.1"}
{"level":"info","message":"::1 - - [05/Dec/2025:18:30:32 +0000] \"POST /api/auth/sign-out HTTP/1.1\" 403 60 \"-\" \"PostmanRuntime/7.49.1\"","service":"acquisitions-api"}
{"ip":"::1","level":"warn","message":"Blocked bot request","path":"/health","service":"acquisitions-api","userAgent":"PostmanRuntime/7.49.1"}
{"level":"info","message":"::1 - - [05/Dec/2025:18:31:20 +0000] \"POST /health HTTP/1.1\" 403 60 \"-\" \"PostmanRuntime/7.49.1\"","service":"acquisitions-api"}
{"level":"info","message":"Health check endpoint accessed","service":"acquisitions-api"}
{"level":"info","message":"::ffff:127.0.0.1 - - [05/Dec/2025:18:31:39 +0000] \"GET /health HTTP/1.1\" 200 74 \"-\" \"Mozilla/5.0 (Windows NT 10.0; Win64; x64; rv:145.0) Gecko/20100101 Firefox/145.0\"","service":"acquisitions-api"}
{"level":"info","message":"::ffff:127.0.0.1 - - [05/Dec/2025:18:31:39 +0000] \"GET /favicon.ico HTTP/1.1\" 404 150 \"-\" \"Mozilla/5.0 (Windows NT 10.0; Win64; x64; rv:145.0) Gecko/20100101 Firefox/145.0\"","service":"acquisitions-api"}
{"level":"info","message":"::1 - - [05/Dec/2025:18:33:42 +0000] \"POST /health HTTP/1.1\" 404 146 \"-\" \"Mozilla/5.0 (Windows NT 10.0; Win64; x64; rv:145.0) Gecko/20100101 Firefox/145.0\"","service":"acquisitions-api"}
{"level":"info","message":"Health check endpoint accessed","service":"acquisitions-api"}
{"level":"info","message":"::1 - - [05/Dec/2025:18:33:47 +0000] \"GET /health HTTP/1.1\" 200 75 \"-\" \"Mozilla/5.0 (Windows NT 10.0; Win64; x64; rv:145.0) Gecko/20100101 Firefox/145.0\"","service":"acquisitions-api"}
{"level":"info","message":"::1 - - [05/Dec/2025:18:34:02 +0000] \"GET /health HTTP/1.1\" - - \"-\" \"Mozilla/5.0 (Windows NT 10.0; Win64; x64; rv:145.0) Gecko/20100101 Firefox/145.0\"","service":"acquisitions-api"}
{"level":"info","message":"Health check endpoint accessed","service":"acquisitions-api"}
{"level":"info","message":"::1 - - [05/Dec/2025:18:34:03 +0000] \"GET /health HTTP/1.1\" - - \"-\" \"Mozilla/5.0 (Windows NT 10.0; Win64; x64; rv:145.0) Gecko/20100101 Firefox/145.0\"","service":"acquisitions-api"}
{"level":"info","message":"Health check endpoint accessed","service":"acquisitions-api"}
{"level":"info","message":"Health check endpoint accessed","service":"acquisitions-api"}
{"level":"info","message":"::1 - - [05/Dec/2025:18:34:04 +0000] \"GET /health HTTP/1.1\" 200 75 \"-\" \"Mozilla/5.0 (Windows NT 10.0; Win64; x64; rv:145.0) Gecko/20100101 Firefox/145.0\"","service":"acquisitions-api"}
{"level":"info","message":"Health check endpoint accessed","service":"acquisitions-api"}
{"level":"info","message":"::1 - - [05/Dec/2025:18:34:04 +0000] \"GET /health HTTP/1.1\" 200 75 \"-\" \"Mozilla/5.0 (Windows NT 10.0; Win64; x64; rv:145.0) Gecko/20100101 Firefox/145.0\"","service":"acquisitions-api"}
{"ip":"::1","level":"warn","message":"Rate limit exceeded","path":"/health","role":"guest","service":"acquisitions-api","userAgent":"Mozilla/5.0 (Windows NT 10.0; Win64; x64; rv:145.0) Gecko/20100101 Firefox/145.0"}
{"level":"info","message":"::1 - - [05/Dec/2025:18:34:05 +0000] \"GET /health HTTP/1.1\" 429 80 \"-\" \"Mozilla/5.0 (Windows NT 10.0; Win64; x64; rv:145.0) Gecko/20100101 Firefox/145.0\"","service":"acquisitions-api"}
{"level":"info","message":"::ffff:127.0.0.1 - - [05/Dec/2025:18:35:04 +0000] \"GET /favicon.ico HTTP/1.1\" - - \"-\" \"Mozilla/5.0 (Windows NT 10.0; Win64; x64; rv:145.0) Gecko/20100101 Firefox/145.0\"","service":"acquisitions-api"}
{"level":"info","message":"Health check endpoint accessed","service":"acquisitions-api"}
{"level":"info","message":"::1 - - [05/Dec/2025:18:35:36 +0000] \"GET /health HTTP/1.1\" 200 75 \"-\" \"Mozilla/5.0 (Windows NT 10.0; Win64; x64; rv:145.0) Gecko/20100101 Firefox/145.0\"","service":"acquisitions-api"}
{"level":"info","message":"Health check endpoint accessed","service":"acquisitions-api"}
{"level":"info","message":"::1 - - [05/Dec/2025:19:12:18 +0000] \"GET /health HTTP/1.1\" 200 75 \"-\" \"-\"","service":"acquisitions-api"}
{"level":"info","message":"Root endpoint accessed","service":"acquisitions-api"}
{"level":"info","message":"::ffff:172.21.0.1 - - [05/Dec/2025:19:12:31 +0000] \"GET / HTTP/1.1\" 304 - \"-\" \"Mozilla/5.0 (Windows NT 10.0; Win64; x64; rv:145.0) Gecko/20100101 Firefox/145.0\"","service":"acquisitions-api"}
{"level":"info","message":"::ffff:172.21.0.1 - - [05/Dec/2025:19:12:32 +0000] \"GET /favicon.ico HTTP/1.1\" - - \"-\" \"Mozilla/5.0 (Windows NT 10.0; Win64; x64; rv:145.0) Gecko/20100101 Firefox/145.0\"","service":"acquisitions-api"}
{"level":"info","message":"Health check endpoint accessed","service":"acquisitions-api"}
{"level":"info","message":"::ffff:172.21.0.1 - - [05/Dec/2025:19:12:40 +0000] \"GET /health HTTP/1.1\" 200 76 \"-\" \"Mozilla/5.0 (Windows NT 10.0; Win64; x64; rv:145.0) Gecko/20100101 Firefox/145.0\"","service":"acquisitions-api"}
{"level":"info","message":"::ffff:172.21.0.1 - - [05/Dec/2025:19:12:40 +0000] \"GET /favicon.ico HTTP/1.1\" 404 150 \"-\" \"Mozilla/5.0 (Windows NT 10.0; Win64; x64; rv:145.0) Gecko/20100101 Firefox/145.0\"","service":"acquisitions-api"}
{"ip":"::1","level":"warn","message":"Rate limit exceeded","path":"/health","role":"guest","service":"acquisitions-api"}
{"level":"info","message":"::1 - - [05/Dec/2025:19:12:48 +0000] \"GET /health HTTP/1.1\" 429 80 \"-\" \"-\"","service":"acquisitions-api"}
{"level":"info","message":"Health check endpoint accessed","service":"acquisitions-api"}
{"level":"info","message":"::1 - - [05/Dec/2025:19:13:19 +0000] \"GET /health HTTP/1.1\" 200 76 \"-\" \"-\"","service":"acquisitions-api"}
{"level":"info","message":"Health check endpoint accessed","service":"acquisitions-api"}
{"level":"info","message":"::1 - - [05/Dec/2025:19:13:50 +0000] \"GET /health HTTP/1.1\" 200 76 \"-\" \"-\"","service":"acquisitions-api"}
{"level":"info","message":"Health check endpoint accessed","service":"acquisitions-api"}
{"level":"info","message":"::1 - - [05/Dec/2025:19:14:20 +0000] \"GET /health HTTP/1.1\" 200 77 \"-\" \"-\"","service":"acquisitions-api"}
{"level":"info","message":"Health check endpoint accessed","service":"acquisitions-api"}
{"level":"info","message":"::1 - - [05/Dec/2025:19:14:50 +0000] \"GET /health HTTP/1.1\" 200 77 \"-\" \"-\"","service":"acquisitions-api"}
{"level":"info","message":"Health check endpoint accessed","service":"acquisitions-api"}
{"level":"info","message":"::1 - - [05/Dec/2025:19:15:20 +0000] \"GET /health HTTP/1.1\" 200 77 \"-\" \"-\"","service":"acquisitions-api"}
{"level":"info","message":"Health check endpoint accessed","service":"acquisitions-api"}
{"level":"info","message":"::1 - - [05/Dec/2025:19:15:50 +0000] \"GET /health HTTP/1.1\" 200 77 \"-\" \"-\"","service":"acquisitions-api"}
{"level":"info","message":"Health check endpoint accessed","service":"acquisitions-api"}
{"level":"info","message":"::1 - - [05/Dec/2025:19:16:21 +0000] \"GET /health HTTP/1.1\" 200 77 \"-\" \"-\"","service":"acquisitions-api"}
{"level":"info","message":"Health check endpoint accessed","service":"acquisitions-api"}
{"level":"info","message":"::1 - - [05/Dec/2025:19:16:51 +0000] \"GET /health HTTP/1.1\" 200 77 \"-\" \"-\"","service":"acquisitions-api"}
{"level":"info","message":"Health check endpoint accessed","service":"acquisitions-api"}
{"level":"info","message":"::1 - - [05/Dec/2025:19:17:21 +0000] \"GET /health HTTP/1.1\" 200 77 \"-\" \"-\"","service":"acquisitions-api"}
{"level":"info","message":"Created new user: shanksreddy@example.com","service":"acquisitions-api"}
{"level":"info","message":"User signed up: Shanks, shanksreddy@example.com, user","service":"acquisitions-api"}
{"level":"info","message":"::ffff:172.21.0.1 - - [05/Dec/2025:19:17:26 +0000] \"POST /api/auth/sign-up HTTP/1.1\" 201 121 \"-\" \"Mozilla/5.0 (Windows NT 10.0; Win64; x64; rv:145.0) Gecko/20100101 Firefox/145.0\"","service":"acquisitions-api"}
{"level":"info","message":"Health check endpoint accessed","service":"acquisitions-api"}
{"level":"info","message":"::1 - - [05/Dec/2025:19:17:51 +0000] \"GET /health HTTP/1.1\" 200 77 \"-\" \"-\"","service":"acquisitions-api"}
{"level":"info","message":"Health check endpoint accessed","service":"acquisitions-api"}
{"level":"info","message":"::1 - - [05/Dec/2025:19:18:21 +0000] \"GET /health HTTP/1.1\" 200 77 \"-\" \"-\"","service":"acquisitions-api"}
{"level":"info","message":"Health check endpoint accessed","service":"acquisitions-api"}
{"level":"info","message":"::1 - - [05/Dec/2025:19:18:52 +0000] \"GET /health HTTP/1.1\" 200 77 \"-\" \"-\"","service":"acquisitions-api"}
{"level":"info","message":"Health check endpoint accessed","service":"acquisitions-api"}
{"level":"info","message":"::1 - - [05/Dec/2025:19:19:22 +0000] \"GET /health HTTP/1.1\" 200 77 \"-\" \"-\"","service":"acquisitions-api"}
{"level":"info","message":"Health check endpoint accessed","service":"acquisitions-api"}
{"level":"info","message":"::1 - - [05/Dec/2025:19:19:52 +0000] \"GET /health HTTP/1.1\" 200 77 \"-\" \"-\"","service":"acquisitions-api"}
{"level":"info","message":"Health check endpoint accessed","service":"acquisitions-api"}
{"level":"info","message":"::1 - - [05/Dec/2025:19:20:22 +0000] \"GET /health HTTP/1.1\" 200 77 \"-\" \"-\"","service":"acquisitions-api"}
{"level":"info","message":"Health check endpoint accessed","service":"acquisitions-api"}
{"level":"info","message":"::1 - - [05/Dec/2025:19:20:52 +0000] \"GET /health HTTP/1.1\" 200 77 \"-\" \"-\"","service":"acquisitions-api"}
{"level":"info","message":"Health check endpoint accessed","service":"acquisitions-api"}
{"level":"info","message":"::1 - - [05/Dec/2025:19:21:23 +0000] \"GET /health HTTP/1.1\" 200 77 \"-\" \"-\"","service":"acquisitions-api"}
{"level":"info","message":"Health check endpoint accessed","service":"acquisitions-api"}
{"level":"info","message":"::1 - - [05/Dec/2025:19:21:53 +0000] \"GET /health HTTP/1.1\" 200 77 \"-\" \"-\"","service":"acquisitions-api"}
{"level":"info","message":"Health check endpoint accessed","service":"acquisitions-api"}
{"level":"info","message":"::1 - - [05/Dec/2025:19:22:23 +0000] \"GET /health HTTP/1.1\" 200 77 \"-\" \"-\"","service":"acquisitions-api"}
{"level":"info","message":"Health check endpoint accessed","service":"acquisitions-api"}
{"level":"info","message":"::1 - - [05/Dec/2025:19:22:53 +0000] \"GET /health HTTP/1.1\" 200 77 \"-\" \"-\"","service":"acquisitions-api"}
{"level":"info","message":"Created new user: shanksreddy1@example.com","service":"acquisitions-api"}
{"level":"info","message":"User signed up: Shanks, shanksreddy1@example.com, user","service":"acquisitions-api"}
{"level":"info","message":"::ffff:172.21.0.1 - - [05/Dec/2025:19:23:12 +0000] \"POST /api/auth/sign-up HTTP/1.1\" 201 122 \"-\" \"Mozilla/5.0 (Windows NT 10.0; Win64; x64; rv:145.0) Gecko/20100101 Firefox/145.0\"","service":"acquisitions-api"}
{"level":"info","message":"Health check endpoint accessed","service":"acquisitions-api"}
{"level":"info","message":"::1 - - [05/Dec/2025:19:23:24 +0000] \"GET /health HTTP/1.1\" 200 76 \"-\" \"-\"","service":"acquisitions-api"}
{"level":"info","message":"Health check endpoint accessed","service":"acquisitions-api"}
{"level":"info","message":"::1 - - [05/Dec/2025:19:25:47 +0000] \"GET /health HTTP/1.1\" 200 75 \"-\" \"-\"","service":"acquisitions-api"}
{"level":"info","message":"Created new user: shanksreddy123@example.com","service":"acquisitions-api"}
{"level":"info","message":"User signed up: Shanks, shanksreddy123@example.com, user","service":"acquisitions-api"}
{"level":"info","message":"::ffff:172.21.0.1 - - [05/Dec/2025:19:25:59 +0000] \"POST /api/auth/sign-up HTTP/1.1\" 201 124 \"-\" \"Mozilla/5.0 (Windows NT 10.0; Win64; x64; rv:145.0) Gecko/20100101 Firefox/145.0\"","service":"acquisitions-api"}
{"level":"info","message":"Health check endpoint accessed","service":"acquisitions-api"}
{"level":"info","message":"::1 - - [05/Dec/2025:19:26:17 +0000] \"GET /health HTTP/1.1\" 200 75 \"-\" \"-\"","service":"acquisitions-api"}
{"level":"info","message":"Health check endpoint accessed","service":"acquisitions-api"}
{"level":"info","message":"::1 - - [05/Dec/2025:19:26:48 +0000] \"GET /health HTTP/1.1\" 200 74 \"-\" \"-\"","service":"acquisitions-api"}
{"level":"info","message":"Health check endpoint accessed","service":"acquisitions-api"}
{"level":"info","message":"::1 - - [05/Dec/2025:19:27:18 +0000] \"GET /health HTTP/1.1\" 200 75 \"-\" \"-\"","service":"acquisitions-api"}
{"level":"info","message":"Health check endpoint accessed","service":"acquisitions-api"}
{"level":"info","message":"::1 - - [05/Dec/2025:19:27:48 +0000] \"GET /health HTTP/1.1\" 200 76 \"-\" \"-\"","service":"acquisitions-api"}
{"level":"info","message":"Health check endpoint accessed","service":"acquisitions-api"}
{"level":"info","message":"::1 - - [05/Dec/2025:19:28:18 +0000] \"GET /health HTTP/1.1\" 200 75 \"-\" \"-\"","service":"acquisitions-api"}
{"level":"info","message":"Health check endpoint accessed","service":"acquisitions-api"}
{"level":"info","message":"::1 - - [05/Dec/2025:19:28:49 +0000] \"GET /health HTTP/1.1\" 200 77 \"-\" \"-\"","service":"acquisitions-api"}
{"level":"info","message":"Health check endpoint accessed","service":"acquisitions-api"}
{"level":"info","message":"::1 - - [05/Dec/2025:19:29:19 +0000] \"GET /health HTTP/1.1\" 200 77 \"-\" \"-\"","service":"acquisitions-api"}
{"level":"info","message":"Health check endpoint accessed","service":"acquisitions-api"}
{"level":"info","message":"::1 - - [05/Dec/2025:19:29:49 +0000] \"GET /health HTTP/1.1\" 200 77 \"-\" \"-\"","service":"acquisitions-api"}
{"level":"info","message":"Health check endpoint accessed","service":"acquisitions-api"}
{"level":"info","message":"::1 - - [06/Dec/2025:06:19:20 +0000] \"GET /health HTTP/1.1\" 200 75 \"-\" \"-\"","service":"acquisitions-api"}
{"level":"info","message":"Health check endpoint accessed","service":"acquisitions-api"}
{"level":"info","message":"::ffff:172.21.0.1 - - [06/Dec/2025:06:19:25 +0000] \"GET /health HTTP/1.1\" 200 74 \"-\" \"Mozilla/5.0 (Windows NT 10.0; Win64; x64; rv:145.0) Gecko/20100101 Firefox/145.0\"","service":"acquisitions-api"}
{"level":"info","message":"::ffff:172.21.0.1 - - [06/Dec/2025:06:19:25 +0000] \"GET /favicon.ico HTTP/1.1\" 404 150 \"-\" \"Mozilla/5.0 (Windows NT 10.0; Win64; x64; rv:145.0) Gecko/20100101 Firefox/145.0\"","service":"acquisitions-api"}
{"level":"info","message":"Fetching all users","service":"acquisitions-api"}
{"level":"error","message":"Error fetching users: Cannot convert undefined or null to object","service":"acquisitions-api","stack":"TypeError: Cannot convert undefined or null to object\n    at Function.entries (<anonymous>)\n    at orderSelectedFields (file:///app/node_modules/drizzle-orm/utils.js:53:17)\n    at file:///app/node_modules/drizzle-orm/utils.js:63:22\n    at Array.reduce (<anonymous>)\n    at orderSelectedFields (file:///app/node_modules/drizzle-orm/utils.js:53:33)\n    at file:///app/node_modules/drizzle-orm/pg-core/query-builders/select.js:770:26\n    at Object.startActiveSpan (file:///app/node_modules/drizzle-orm/tracing.js:8:14)\n    at PgSelectBase._prepare (file:///app/node_modules/drizzle-orm/pg-core/query-builders/select.js:769:19)\n    at file:///app/node_modules/drizzle-orm/pg-core/query-builders/select.js:797:19\n    at Object.startActiveSpan (file:///app/node_modules/drizzle-orm/tracing.js:8:14)"}
{"level":"error","message":"Error in getAllUsers controller: Cannot convert undefined or null to object","service":"acquisitions-api","stack":"TypeError: Cannot convert undefined or null to object\n    at Function.entries (<anonymous>)\n    at orderSelectedFields (file:///app/node_modules/drizzle-orm/utils.js:53:17)\n    at file:///app/node_modules/drizzle-orm/utils.js:63:22\n    at Array.reduce (<anonymous>)\n    at orderSelectedFields (file:///app/node_modules/drizzle-orm/utils.js:53:33)\n    at file:///app/node_modules/drizzle-orm/pg-core/query-builders/select.js:770:26\n    at Object.startActiveSpan (file:///app/node_modules/drizzle-orm/tracing.js:8:14)\n    at PgSelectBase._prepare (file:///app/node_modules/drizzle-orm/pg-core/query-builders/select.js:769:19)\n    at file:///app/node_modules/drizzle-orm/pg-core/query-builders/select.js:797:19\n    at Object.startActiveSpan (file:///app/node_modules/drizzle-orm/tracing.js:8:14)"}
{"level":"info","message":"::ffff:172.21.0.1 - - [06/Dec/2025:06:19:34 +0000] \"GET /api/users HTTP/1.1\" 500 1061 \"-\" \"Mozilla/5.0 (Windows NT 10.0; Win64; x64; rv:145.0) Gecko/20100101 Firefox/145.0\"","service":"acquisitions-api"}
{"level":"info","message":"Health check endpoint accessed","service":"acquisitions-api"}
{"level":"info","message":"::1 - - [06/Dec/2025:06:19:50 +0000] \"GET /health HTTP/1.1\" 200 76 \"-\" \"-\"","service":"acquisitions-api"}
{"level":"info","message":"Health check endpoint accessed","service":"acquisitions-api"}
{"level":"info","message":"::1 - - [06/Dec/2025:06:20:20 +0000] \"GET /health HTTP/1.1\" 200 76 \"-\" \"-\"","service":"acquisitions-api"}
{"level":"info","message":"Health check endpoint accessed","service":"acquisitions-api"}
{"level":"info","message":"::1 - - [06/Dec/2025:06:20:50 +0000] \"GET /health HTTP/1.1\" 200 76 \"-\" \"-\"","service":"acquisitions-api"}
{"level":"info","message":"::ffff:172.21.0.1 - - [06/Dec/2025:06:20:59 +0000] \"GET /api/auth HTTP/1.1\" 404 147 \"-\" \"Mozilla/5.0 (Windows NT 10.0; Win64; x64; rv:145.0) Gecko/20100101 Firefox/145.0\"","service":"acquisitions-api"}
{"level":"info","message":"::ffff:172.21.0.1 - - [06/Dec/2025:06:21:04 +0000] \"GET /favicon.ico HTTP/1.1\" 404 150 \"-\" \"Mozilla/5.0 (Windows NT 10.0; Win64; x64; rv:145.0) Gecko/20100101 Firefox/145.0\"","service":"acquisitions-api"}
{"level":"info","message":"Health check endpoint accessed","service":"acquisitions-api"}
{"level":"info","message":"::1 - - [06/Dec/2025:06:21:21 +0000] \"GET /health HTTP/1.1\" 200 77 \"-\" \"-\"","service":"acquisitions-api"}
{"level":"info","message":"::ffff:172.21.0.1 - - [06/Dec/2025:06:21:23 +0000] \"GET /favicon.ico HTTP/1.1\" - - \"-\" \"Mozilla/5.0 (Windows NT 10.0; Win64; x64; rv:145.0) Gecko/20100101 Firefox/145.0\"","service":"acquisitions-api"}
{"level":"info","message":"::ffff:172.21.0.1 - - [06/Dec/2025:06:21:24 +0000] \"GET /favicon.ico HTTP/1.1\" 404 150 \"-\" \"Mozilla/5.0 (Windows NT 10.0; Win64; x64; rv:145.0) Gecko/20100101 Firefox/145.0\"","service":"acquisitions-api"}
{"ip":"::ffff:172.21.0.1","level":"warn","message":"Rate limit exceeded","path":"/api/users","role":"guest","service":"acquisitions-api","userAgent":"Mozilla/5.0 (Windows NT 10.0; Win64; x64; rv:145.0) Gecko/20100101 Firefox/145.0"}
{"level":"info","message":"::ffff:172.21.0.1 - - [06/Dec/2025:06:21:26 +0000] \"GET /api/users HTTP/1.1\" 429 80 \"-\" \"Mozilla/5.0 (Windows NT 10.0; Win64; x64; rv:145.0) Gecko/20100101 Firefox/145.0\"","service":"acquisitions-api"}
{"ip":"::ffff:172.21.0.1","level":"warn","message":"Rate limit exceeded","path":"/favicon.ico","role":"guest","service":"acquisitions-api","userAgent":"Mozilla/5.0 (Windows NT 10.0; Win64; x64; rv:145.0) Gecko/20100101 Firefox/145.0"}
{"level":"info","message":"::ffff:172.21.0.1 - - [06/Dec/2025:06:21:26 +0000] \"GET /favicon.ico HTTP/1.1\" 429 80 \"-\" \"Mozilla/5.0 (Windows NT 10.0; Win64; x64; rv:145.0) Gecko/20100101 Firefox/145.0\"","service":"acquisitions-api"}
{"ip":"::ffff:172.21.0.1","level":"warn","message":"Rate limit exceeded","path":"/api/users","role":"guest","service":"acquisitions-api","userAgent":"Mozilla/5.0 (Windows NT 10.0; Win64; x64; rv:145.0) Gecko/20100101 Firefox/145.0"}
{"level":"info","message":"::ffff:172.21.0.1 - - [06/Dec/2025:06:21:38 +0000] \"GET /api/users HTTP/1.1\" 429 80 \"-\" \"Mozilla/5.0 (Windows NT 10.0; Win64; x64; rv:145.0) Gecko/20100101 Firefox/145.0\"","service":"acquisitions-api"}
{"ip":"::ffff:172.21.0.1","level":"warn","message":"Rate limit exceeded","path":"/favicon.ico","role":"guest","service":"acquisitions-api","userAgent":"Mozilla/5.0 (Windows NT 10.0; Win64; x64; rv:145.0) Gecko/20100101 Firefox/145.0"}
{"level":"info","message":"::ffff:172.21.0.1 - - [06/Dec/2025:06:21:38 +0000] \"GET /favicon.ico HTTP/1.1\" 429 80 \"-\" \"Mozilla/5.0 (Windows NT 10.0; Win64; x64; rv:145.0) Gecko/20100101 Firefox/145.0\"","service":"acquisitions-api"}
{"ip":"::1","level":"warn","message":"Rate limit exceeded","path":"/health","role":"guest","service":"acquisitions-api"}
{"level":"info","message":"::1 - - [06/Dec/2025:06:21:51 +0000] \"GET /health HTTP/1.1\" 429 80 \"-\" \"-\"","service":"acquisitions-api"}
{"ip":"::ffff:172.21.0.1","level":"warn","message":"Rate limit exceeded","path":"/api/users","role":"guest","service":"acquisitions-api","userAgent":"Mozilla/5.0 (Windows NT 10.0; Win64; x64; rv:145.0) Gecko/20100101 Firefox/145.0"}
{"level":"info","message":"::ffff:172.21.0.1 - - [06/Dec/2025:06:21:58 +0000] \"GET /api/users HTTP/1.1\" 429 80 \"-\" \"Mozilla/5.0 (Windows NT 10.0; Win64; x64; rv:145.0) Gecko/20100101 Firefox/145.0\"","service":"acquisitions-api"}
{"ip":"::ffff:172.21.0.1","level":"warn","message":"Rate limit exceeded","path":"/favicon.ico","role":"guest","service":"acquisitions-api","userAgent":"Mozilla/5.0 (Windows NT 10.0; Win64; x64; rv:145.0) Gecko/20100101 Firefox/145.0"}
{"level":"info","message":"::ffff:172.21.0.1 - - [06/Dec/2025:06:21:58 +0000] \"GET /favicon.ico HTTP/1.1\" 429 80 \"-\" \"Mozilla/5.0 (Windows NT 10.0; Win64; x64; rv:145.0) Gecko/20100101 Firefox/145.0\"","service":"acquisitions-api"}
{"ip":"::ffff:172.21.0.1","level":"warn","message":"Rate limit exceeded","path":"/api/users","role":"guest","service":"acquisitions-api","userAgent":"Mozilla/5.0 (Windows NT 10.0; Win64; x64) AppleWebKit/537.36 (KHTML, like Gecko) Chrome/143.0.0.0 Safari/537.36"}
{"level":"info","message":"::ffff:172.21.0.1 - - [06/Dec/2025:06:22:05 +0000] \"GET /api/users HTTP/1.1\" 429 80 \"-\" \"Mozilla/5.0 (Windows NT 10.0; Win64; x64) AppleWebKit/537.36 (KHTML, like Gecko) Chrome/143.0.0.0 Safari/537.36\"","service":"acquisitions-api"}
{"ip":"::ffff:172.21.0.1","level":"warn","message":"Rate limit exceeded","path":"/favicon.ico","role":"guest","service":"acquisitions-api","userAgent":"Mozilla/5.0 (Windows NT 10.0; Win64; x64) AppleWebKit/537.36 (KHTML, like Gecko) Chrome/143.0.0.0 Safari/537.36"}
{"level":"info","message":"::ffff:172.21.0.1 - - [06/Dec/2025:06:22:05 +0000] \"GET /favicon.ico HTTP/1.1\" 429 80 \"-\" \"Mozilla/5.0 (Windows NT 10.0; Win64; x64) AppleWebKit/537.36 (KHTML, like Gecko) Chrome/143.0.0.0 Safari/537.36\"","service":"acquisitions-api"}
{"ip":"::1","level":"warn","message":"Rate limit exceeded","path":"/health","role":"guest","service":"acquisitions-api"}
{"level":"info","message":"::1 - - [06/Dec/2025:06:22:21 +0000] \"GET /health HTTP/1.1\" 429 80 \"-\" \"-\"","service":"acquisitions-api"}
{"ip":"::1","level":"warn","message":"Rate limit exceeded","path":"/health","role":"guest","service":"acquisitions-api"}
{"level":"info","message":"::1 - - [06/Dec/2025:06:22:51 +0000] \"GET /health HTTP/1.1\" 429 80 \"-\" \"-\"","service":"acquisitions-api"}
{"level":"info","message":"Fetching all users","service":"acquisitions-api"}
{"level":"error","message":"Error fetching users: Cannot convert undefined or null to object","service":"acquisitions-api","stack":"TypeError: Cannot convert undefined or null to object\n    at Function.entries (<anonymous>)\n    at orderSelectedFields (file:///app/node_modules/drizzle-orm/utils.js:53:17)\n    at file:///app/node_modules/drizzle-orm/utils.js:63:22\n    at Array.reduce (<anonymous>)\n    at orderSelectedFields (file:///app/node_modules/drizzle-orm/utils.js:53:33)\n    at file:///app/node_modules/drizzle-orm/pg-core/query-builders/select.js:770:26\n    at Object.startActiveSpan (file:///app/node_modules/drizzle-orm/tracing.js:8:14)\n    at PgSelectBase._prepare (file:///app/node_modules/drizzle-orm/pg-core/query-builders/select.js:769:19)\n    at file:///app/node_modules/drizzle-orm/pg-core/query-builders/select.js:797:19\n    at Object.startActiveSpan (file:///app/node_modules/drizzle-orm/tracing.js:8:14)"}
{"level":"error","message":"Error in getAllUsers controller: Cannot convert undefined or null to object","service":"acquisitions-api","stack":"TypeError: Cannot convert undefined or null to object\n    at Function.entries (<anonymous>)\n    at orderSelectedFields (file:///app/node_modules/drizzle-orm/utils.js:53:17)\n    at file:///app/node_modules/drizzle-orm/utils.js:63:22\n    at Array.reduce (<anonymous>)\n    at orderSelectedFields (file:///app/node_modules/drizzle-orm/utils.js:53:33)\n    at file:///app/node_modules/drizzle-orm/pg-core/query-builders/select.js:770:26\n    at Object.startActiveSpan (file:///app/node_modules/drizzle-orm/tracing.js:8:14)\n    at PgSelectBase._prepare (file:///app/node_modules/drizzle-orm/pg-core/query-builders/select.js:769:19)\n    at file:///app/node_modules/drizzle-orm/pg-core/query-builders/select.js:797:19\n    at Object.startActiveSpan (file:///app/node_modules/drizzle-orm/tracing.js:8:14)"}
{"level":"info","message":"::ffff:172.21.0.1 - - [06/Dec/2025:06:23:02 +0000] \"GET /api/users HTTP/1.1\" 500 1061 \"-\" \"Mozilla/5.0 (Windows NT 10.0; Win64; x64; rv:145.0) Gecko/20100101 Firefox/145.0\"","service":"acquisitions-api"}
{"level":"info","message":"Health check endpoint accessed","service":"acquisitions-api"}
{"level":"info","message":"::1 - - [06/Dec/2025:06:23:21 +0000] \"GET /health HTTP/1.1\" 200 77 \"-\" \"-\"","service":"acquisitions-api"}
{"level":"info","message":"Health check endpoint accessed","service":"acquisitions-api"}
{"level":"info","message":"::1 - - [06/Dec/2025:06:23:51 +0000] \"GET /health HTTP/1.1\" 200 77 \"-\" \"-\"","service":"acquisitions-api"}
{"level":"info","message":"Health check endpoint accessed","service":"acquisitions-api"}
{"level":"info","message":"::1 - - [06/Dec/2025:06:24:22 +0000] \"GET /health HTTP/1.1\" 200 77 \"-\" \"-\"","service":"acquisitions-api"}
{"level":"info","message":"Fetching all users","service":"acquisitions-api"}
{"level":"error","message":"Error fetching users: Cannot convert undefined or null to object","service":"acquisitions-api","stack":"TypeError: Cannot convert undefined or null to object\n    at Function.entries (<anonymous>)\n    at orderSelectedFields (file:///app/node_modules/drizzle-orm/utils.js:53:17)\n    at file:///app/node_modules/drizzle-orm/utils.js:63:22\n    at Array.reduce (<anonymous>)\n    at orderSelectedFields (file:///app/node_modules/drizzle-orm/utils.js:53:33)\n    at file:///app/node_modules/drizzle-orm/pg-core/query-builders/select.js:770:26\n    at Object.startActiveSpan (file:///app/node_modules/drizzle-orm/tracing.js:8:14)\n    at PgSelectBase._prepare (file:///app/node_modules/drizzle-orm/pg-core/query-builders/select.js:769:19)\n    at file:///app/node_modules/drizzle-orm/pg-core/query-builders/select.js:797:19\n    at Object.startActiveSpan (file:///app/node_modules/drizzle-orm/tracing.js:8:14)"}
{"level":"error","message":"Error in getAllUsers controller: Cannot convert undefined or null to object","service":"acquisitions-api","stack":"TypeError: Cannot convert undefined or null to object\n    at Function.entries (<anonymous>)\n    at orderSelectedFields (file:///app/node_modules/drizzle-orm/utils.js:53:17)\n    at file:///app/node_modules/drizzle-orm/utils.js:63:22\n    at Array.reduce (<anonymous>)\n    at orderSelectedFields (file:///app/node_modules/drizzle-orm/utils.js:53:33)\n    at file:///app/node_modules/drizzle-orm/pg-core/query-builders/select.js:770:26\n    at Object.startActiveSpan (file:///app/node_modules/drizzle-orm/tracing.js:8:14)\n    at PgSelectBase._prepare (file:///app/node_modules/drizzle-orm/pg-core/query-builders/select.js:769:19)\n    at file:///app/node_modules/drizzle-orm/pg-core/query-builders/select.js:797:19\n    at Object.startActiveSpan (file:///app/node_modules/drizzle-orm/tracing.js:8:14)"}
{"level":"info","message":"::ffff:172.21.0.1 - - [06/Dec/2025:06:24:46 +0000] \"GET /api/users HTTP/1.1\" 500 1061 \"-\" \"Mozilla/5.0 (Windows NT 10.0; Win64; x64; rv:145.0) Gecko/20100101 Firefox/145.0\"","service":"acquisitions-api"}
{"level":"info","message":"Health check endpoint accessed","service":"acquisitions-api"}
{"level":"info","message":"::1 - - [06/Dec/2025:06:24:52 +0000] \"GET /health HTTP/1.1\" 200 77 \"-\" \"-\"","service":"acquisitions-api"}
{"level":"info","message":"Health check endpoint accessed","service":"acquisitions-api"}
{"level":"info","message":"::1 - - [06/Dec/2025:06:25:22 +0000] \"GET /health HTTP/1.1\" 200 77 \"-\" \"-\"","service":"acquisitions-api"}
{"level":"info","message":"Fetching all users","service":"acquisitions-api"}
{"level":"error","message":"Error fetching users: Cannot convert undefined or null to object","service":"acquisitions-api","stack":"TypeError: Cannot convert undefined or null to object\n    at Function.entries (<anonymous>)\n    at orderSelectedFields (file:///app/node_modules/drizzle-orm/utils.js:53:17)\n    at file:///app/node_modules/drizzle-orm/utils.js:63:22\n    at Array.reduce (<anonymous>)\n    at orderSelectedFields (file:///app/node_modules/drizzle-orm/utils.js:53:33)\n    at file:///app/node_modules/drizzle-orm/pg-core/query-builders/select.js:770:26\n    at Object.startActiveSpan (file:///app/node_modules/drizzle-orm/tracing.js:8:14)\n    at PgSelectBase._prepare (file:///app/node_modules/drizzle-orm/pg-core/query-builders/select.js:769:19)\n    at file:///app/node_modules/drizzle-orm/pg-core/query-builders/select.js:797:19\n    at Object.startActiveSpan (file:///app/node_modules/drizzle-orm/tracing.js:8:14)"}
{"level":"error","message":"Error in getAllUsers controller: Cannot convert undefined or null to object","service":"acquisitions-api","stack":"TypeError: Cannot convert undefined or null to object\n    at Function.entries (<anonymous>)\n    at orderSelectedFields (file:///app/node_modules/drizzle-orm/utils.js:53:17)\n    at file:///app/node_modules/drizzle-orm/utils.js:63:22\n    at Array.reduce (<anonymous>)\n    at orderSelectedFields (file:///app/node_modules/drizzle-orm/utils.js:53:33)\n    at file:///app/node_modules/drizzle-orm/pg-core/query-builders/select.js:770:26\n    at Object.startActiveSpan (file:///app/node_modules/drizzle-orm/tracing.js:8:14)\n    at PgSelectBase._prepare (file:///app/node_modules/drizzle-orm/pg-core/query-builders/select.js:769:19)\n    at file:///app/node_modules/drizzle-orm/pg-core/query-builders/select.js:797:19\n    at Object.startActiveSpan (file:///app/node_modules/drizzle-orm/tracing.js:8:14)"}
{"level":"info","message":"::ffff:172.21.0.1 - - [06/Dec/2025:06:25:40 +0000] \"GET /api/users HTTP/1.1\" 500 1061 \"-\" \"Mozilla/5.0 (Windows NT 10.0; Win64; x64; rv:145.0) Gecko/20100101 Firefox/145.0\"","service":"acquisitions-api"}
{"level":"info","message":"Health check endpoint accessed","service":"acquisitions-api"}
{"level":"info","message":"::1 - - [06/Dec/2025:06:25:52 +0000] \"GET /health HTTP/1.1\" 200 77 \"-\" \"-\"","service":"acquisitions-api"}
{"level":"info","message":"Health check endpoint accessed","service":"acquisitions-api"}
{"level":"info","message":"::1 - - [06/Dec/2025:06:26:23 +0000] \"GET /health HTTP/1.1\" 200 77 \"-\" \"-\"","service":"acquisitions-api"}
{"level":"info","message":"Health check endpoint accessed","service":"acquisitions-api"}
{"level":"info","message":"::1 - - [06/Dec/2025:06:26:53 +0000] \"GET /health HTTP/1.1\" 200 77 \"-\" \"-\"","service":"acquisitions-api"}
{"level":"info","message":"Health check endpoint accessed","service":"acquisitions-api"}
{"level":"info","message":"::1 - - [06/Dec/2025:06:27:23 +0000] \"GET /health HTTP/1.1\" 200 77 \"-\" \"-\"","service":"acquisitions-api"}
{"level":"info","message":"Health check endpoint accessed","service":"acquisitions-api"}
{"level":"info","message":"::1 - - [06/Dec/2025:06:27:53 +0000] \"GET /health HTTP/1.1\" 200 77 \"-\" \"-\"","service":"acquisitions-api"}
{"level":"info","message":"Fetching all users","service":"acquisitions-api"}
{"level":"error","message":"Error fetching users: Cannot convert undefined or null to object","service":"acquisitions-api","stack":"TypeError: Cannot convert undefined or null to object\n    at Function.entries (<anonymous>)\n    at orderSelectedFields (file:///app/node_modules/drizzle-orm/utils.js:53:17)\n    at file:///app/node_modules/drizzle-orm/utils.js:63:22\n    at Array.reduce (<anonymous>)\n    at orderSelectedFields (file:///app/node_modules/drizzle-orm/utils.js:53:33)\n    at file:///app/node_modules/drizzle-orm/pg-core/query-builders/select.js:770:26\n    at Object.startActiveSpan (file:///app/node_modules/drizzle-orm/tracing.js:8:14)\n    at PgSelectBase._prepare (file:///app/node_modules/drizzle-orm/pg-core/query-builders/select.js:769:19)\n    at file:///app/node_modules/drizzle-orm/pg-core/query-builders/select.js:797:19\n    at Object.startActiveSpan (file:///app/node_modules/drizzle-orm/tracing.js:8:14)"}
{"level":"error","message":"Error in getAllUsers controller: Cannot convert undefined or null to object","service":"acquisitions-api","stack":"TypeError: Cannot convert undefined or null to object\n    at Function.entries (<anonymous>)\n    at orderSelectedFields (file:///app/node_modules/drizzle-orm/utils.js:53:17)\n    at file:///app/node_modules/drizzle-orm/utils.js:63:22\n    at Array.reduce (<anonymous>)\n    at orderSelectedFields (file:///app/node_modules/drizzle-orm/utils.js:53:33)\n    at file:///app/node_modules/drizzle-orm/pg-core/query-builders/select.js:770:26\n    at Object.startActiveSpan (file:///app/node_modules/drizzle-orm/tracing.js:8:14)\n    at PgSelectBase._prepare (file:///app/node_modules/drizzle-orm/pg-core/query-builders/select.js:769:19)\n    at file:///app/node_modules/drizzle-orm/pg-core/query-builders/select.js:797:19\n    at Object.startActiveSpan (file:///app/node_modules/drizzle-orm/tracing.js:8:14)"}
{"level":"info","message":"::ffff:172.21.0.1 - - [06/Dec/2025:06:28:16 +0000] \"GET /api/users HTTP/1.1\" 500 1061 \"-\" \"Mozilla/5.0 (Windows NT 10.0; Win64; x64; rv:145.0) Gecko/20100101 Firefox/145.0\"","service":"acquisitions-api"}
{"level":"info","message":"Health check endpoint accessed","service":"acquisitions-api"}
{"level":"info","message":"::1 - - [06/Dec/2025:06:28:23 +0000] \"GET /health HTTP/1.1\" 200 77 \"-\" \"-\"","service":"acquisitions-api"}
{"level":"info","message":"Health check endpoint accessed","service":"acquisitions-api"}
{"level":"info","message":"::1 - - [06/Dec/2025:06:30:09 +0000] \"GET /health HTTP/1.1\" 200 75 \"-\" \"-\"","service":"acquisitions-api"}
{"level":"info","message":"Fetching all users","service":"acquisitions-api"}
{"level":"info","message":"::ffff:172.21.0.1 - - [06/Dec/2025:06:30:16 +0000] \"GET /api/users HTTP/1.1\" 200 1180 \"-\" \"Mozilla/5.0 (Windows NT 10.0; Win64; x64; rv:145.0) Gecko/20100101 Firefox/145.0\"","service":"acquisitions-api"}
{"level":"info","message":"::ffff:172.21.0.1 - - [06/Dec/2025:06:30:17 +0000] \"GET /favicon.ico HTTP/1.1\" 404 150 \"-\" \"Mozilla/5.0 (Windows NT 10.0; Win64; x64; rv:145.0) Gecko/20100101 Firefox/145.0\"","service":"acquisitions-api"}
{"level":"info","message":"Health check endpoint accessed","service":"acquisitions-api"}
{"level":"info","message":"::1 - - [06/Dec/2025:06:30:40 +0000] \"GET /health HTTP/1.1\" 200 76 \"-\" \"-\"","service":"acquisitions-api"}
{"level":"info","message":"Health check endpoint accessed","service":"acquisitions-api"}
{"level":"info","message":"::1 - - [06/Dec/2025:06:31:10 +0000] \"GET /health HTTP/1.1\" 200 76 \"-\" \"-\"","service":"acquisitions-api"}
{"level":"info","message":"Health check endpoint accessed","service":"acquisitions-api"}
{"level":"info","message":"::1 - - [06/Dec/2025:06:31:40 +0000] \"GET /health HTTP/1.1\" 200 76 \"-\" \"-\"","service":"acquisitions-api"}
{"level":"info","message":"Health check endpoint accessed","service":"acquisitions-api"}
{"level":"info","message":"::1 - - [06/Dec/2025:06:32:10 +0000] \"GET /health HTTP/1.1\" 200 77 \"-\" \"-\"","service":"acquisitions-api"}
{"level":"info","message":"Health check endpoint accessed","service":"acquisitions-api"}
{"level":"info","message":"::1 - - [06/Dec/2025:06:32:41 +0000] \"GET /health HTTP/1.1\" 200 77 \"-\" \"-\"","service":"acquisitions-api"}
{"level":"info","message":"Health check endpoint accessed","service":"acquisitions-api"}
{"level":"info","message":"::1 - - [06/Dec/2025:06:33:11 +0000] \"GET /health HTTP/1.1\" 200 75 \"-\" \"-\"","service":"acquisitions-api"}
{"level":"info","message":"Health check endpoint accessed","service":"acquisitions-api"}
{"level":"info","message":"::1 - - [06/Dec/2025:06:33:41 +0000] \"GET /health HTTP/1.1\" 200 77 \"-\" \"-\"","service":"acquisitions-api"}
{"level":"info","message":"Health check endpoint accessed","service":"acquisitions-api"}
{"level":"info","message":"::1 - - [06/Dec/2025:06:34:11 +0000] \"GET /health HTTP/1.1\" 200 77 \"-\" \"-\"","service":"acquisitions-api"}
{"level":"info","message":"Health check endpoint accessed","service":"acquisitions-api"}
{"level":"info","message":"::1 - - [06/Dec/2025:06:34:41 +0000] \"GET /health HTTP/1.1\" 200 77 \"-\" \"-\"","service":"acquisitions-api"}
{"level":"info","message":"Health check endpoint accessed","service":"acquisitions-api"}
{"level":"info","message":"::1 - - [06/Dec/2025:06:36:56 +0000] \"GET /health HTTP/1.1\" 200 75 \"-\" \"-\"","service":"acquisitions-api"}
{"level":"info","message":"Fetching all users","service":"acquisitions-api"}
{"level":"info","message":"::ffff:172.21.0.1 - - [06/Dec/2025:06:37:03 +0000] \"GET /api/users HTTP/1.1\" 200 820 \"-\" \"Mozilla/5.0 (Windows NT 10.0; Win64; x64; rv:145.0) Gecko/20100101 Firefox/145.0\"","service":"acquisitions-api"}
{"level":"info","message":"::ffff:172.21.0.1 - - [06/Dec/2025:06:37:03 +0000] \"GET /favicon.ico HTTP/1.1\" 404 150 \"-\" \"Mozilla/5.0 (Windows NT 10.0; Win64; x64; rv:145.0) Gecko/20100101 Firefox/145.0\"","service":"acquisitions-api"}
{"level":"info","message":"Health check endpoint accessed","service":"acquisitions-api"}
{"level":"info","message":"::1 - - [06/Dec/2025:06:37:26 +0000] \"GET /health HTTP/1.1\" 200 76 \"-\" \"-\"","service":"acquisitions-api"}
{"level":"info","message":"Health check endpoint accessed","service":"acquisitions-api"}
{"level":"info","message":"::1 - - [06/Dec/2025:06:37:57 +0000] \"GET /health HTTP/1.1\" 200 76 \"-\" \"-\"","service":"acquisitions-api"}
{"level":"info","message":"Health check endpoint accessed","service":"acquisitions-api"}
{"level":"info","message":"::1 - - [06/Dec/2025:06:38:27 +0000] \"GET /health HTTP/1.1\" 200 76 \"-\" \"-\"","service":"acquisitions-api"}
{"level":"info","message":"Health check endpoint accessed","service":"acquisitions-api"}
{"level":"info","message":"::1 - - [06/Dec/2025:06:38:57 +0000] \"GET /health HTTP/1.1\" 200 77 \"-\" \"-\"","service":"acquisitions-api"}
{"level":"info","message":"Health check endpoint accessed","service":"acquisitions-api"}
{"level":"info","message":"::1 - - [06/Dec/2025:06:39:28 +0000] \"GET /health HTTP/1.1\" 200 77 \"-\" \"-\"","service":"acquisitions-api"}
{"level":"info","message":"Health check endpoint accessed","service":"acquisitions-api"}
{"level":"info","message":"::1 - - [06/Dec/2025:06:39:58 +0000] \"GET /health HTTP/1.1\" 200 77 \"-\" \"-\"","service":"acquisitions-api"}
{"level":"info","message":"Health check endpoint accessed","service":"acquisitions-api"}
{"level":"info","message":"::1 - - [06/Dec/2025:06:40:28 +0000] \"GET /health HTTP/1.1\" 200 76 \"-\" \"-\"","service":"acquisitions-api"}
{"level":"info","message":"Health check endpoint accessed","service":"acquisitions-api"}
{"level":"info","message":"::1 - - [06/Dec/2025:06:40:58 +0000] \"GET /health HTTP/1.1\" 200 77 \"-\" \"-\"","service":"acquisitions-api"}
{"level":"info","message":"Health check endpoint accessed","service":"acquisitions-api"}
{"level":"info","message":"::1 - - [06/Dec/2025:06:41:29 +0000] \"GET /health HTTP/1.1\" 200 77 \"-\" \"-\"","service":"acquisitions-api"}
{"level":"info","message":"Health check endpoint accessed","service":"acquisitions-api"}
{"level":"info","message":"::1 - - [06/Dec/2025:06:41:59 +0000] \"GET /health HTTP/1.1\" 200 77 \"-\" \"-\"","service":"acquisitions-api"}
{"level":"info","message":"Health check endpoint accessed","service":"acquisitions-api"}
{"level":"info","message":"::1 - - [06/Dec/2025:06:42:29 +0000] \"GET /health HTTP/1.1\" 200 77 \"-\" \"-\"","service":"acquisitions-api"}
{"level":"info","message":"Health check endpoint accessed","service":"acquisitions-api"}
{"level":"info","message":"::1 - - [06/Dec/2025:06:42:59 +0000] \"GET /health HTTP/1.1\" 200 77 \"-\" \"-\"","service":"acquisitions-api"}
{"level":"info","message":"Health check endpoint accessed","service":"acquisitions-api"}
{"level":"info","message":"::1 - - [06/Dec/2025:06:43:30 +0000] \"GET /health HTTP/1.1\" 200 77 \"-\" \"-\"","service":"acquisitions-api"}
{"level":"info","message":"Health check endpoint accessed","service":"acquisitions-api"}
{"level":"info","message":"::1 - - [06/Dec/2025:06:44:00 +0000] \"GET /health HTTP/1.1\" 200 77 \"-\" \"-\"","service":"acquisitions-api"}
{"level":"info","message":"Health check endpoint accessed","service":"acquisitions-api"}
{"level":"info","message":"::1 - - [06/Dec/2025:06:44:30 +0000] \"GET /health HTTP/1.1\" 200 77 \"-\" \"-\"","service":"acquisitions-api"}
{"level":"info","message":"Health check endpoint accessed","service":"acquisitions-api"}
{"level":"info","message":"::1 - - [06/Dec/2025:06:45:00 +0000] \"GET /health HTTP/1.1\" 200 77 \"-\" \"-\"","service":"acquisitions-api"}
{"level":"info","message":"Health check endpoint accessed","service":"acquisitions-api"}
{"level":"info","message":"::1 - - [06/Dec/2025:06:45:30 +0000] \"GET /health HTTP/1.1\" 200 77 \"-\" \"-\"","service":"acquisitions-api"}
{"level":"info","message":"Health check endpoint accessed","service":"acquisitions-api"}
{"level":"info","message":"::1 - - [06/Dec/2025:06:46:01 +0000] \"GET /health HTTP/1.1\" 200 77 \"-\" \"-\"","service":"acquisitions-api"}
{"level":"info","message":"Health check endpoint accessed","service":"acquisitions-api"}
{"level":"info","message":"::1 - - [06/Dec/2025:06:46:31 +0000] \"GET /health HTTP/1.1\" 200 77 \"-\" \"-\"","service":"acquisitions-api"}
{"level":"info","message":"::ffff:172.21.0.1 - - [06/Dec/2025:06:46:53 +0000] \"GET /api/users/2 HTTP/1.1\" 200 23 \"-\" \"Mozilla/5.0 (Windows NT 10.0; Win64; x64; rv:145.0) Gecko/20100101 Firefox/145.0\"","service":"acquisitions-api"}
{"level":"info","message":"Health check endpoint accessed","service":"acquisitions-api"}
{"level":"info","message":"::1 - - [06/Dec/2025:06:47:01 +0000] \"GET /health HTTP/1.1\" 200 77 \"-\" \"-\"","service":"acquisitions-api"}
{"level":"info","message":"Health check endpoint accessed","service":"acquisitions-api"}
{"level":"info","message":"::1 - - [06/Dec/2025:06:54:37 +0000] \"GET /health HTTP/1.1\" 200 75 \"-\" \"-\"","service":"acquisitions-api"}
{"level":"info","message":"Health check endpoint accessed","service":"acquisitions-api"}
{"level":"info","message":"::1 - - [06/Dec/2025:06:55:07 +0000] \"GET /health HTTP/1.1\" 200 76 \"-\" \"-\"","service":"acquisitions-api"}
{"level":"info","message":"Health check endpoint accessed","service":"acquisitions-api"}
{"level":"info","message":"::1 - - [06/Dec/2025:06:55:38 +0000] \"GET /health HTTP/1.1\" 200 76 \"-\" \"-\"","service":"acquisitions-api"}
{"level":"info","message":"Health check endpoint accessed","service":"acquisitions-api"}
{"level":"info","message":"::1 - - [06/Dec/2025:06:56:08 +0000] \"GET /health HTTP/1.1\" 200 76 \"-\" \"-\"","service":"acquisitions-api"}
{"level":"info","message":"::ffff:172.21.0.1 - - [06/Dec/2025:06:56:14 +0000] \"GET /api/users/2 HTTP/1.1\" 401 72 \"-\" \"Mozilla/5.0 (Windows NT 10.0; Win64; x64; rv:145.0) Gecko/20100101 Firefox/145.0\"","service":"acquisitions-api"}
{"level":"info","message":"::ffff:172.21.0.1 - - [06/Dec/2025:06:56:14 +0000] \"GET /favicon.ico HTTP/1.1\" 404 150 \"-\" \"Mozilla/5.0 (Windows NT 10.0; Win64; x64; rv:145.0) Gecko/20100101 Firefox/145.0\"","service":"acquisitions-api"}
{"level":"info","message":"Health check endpoint accessed","service":"acquisitions-api"}
{"level":"info","message":"::1 - - [06/Dec/2025:06:56:38 +0000] \"GET /health HTTP/1.1\" 200 77 \"-\" \"-\"","service":"acquisitions-api"}
{"level":"info","message":"Health check endpoint accessed","service":"acquisitions-api"}
{"level":"info","message":"::1 - - [06/Dec/2025:06:57:08 +0000] \"GET /health HTTP/1.1\" 200 77 \"-\" \"-\"","service":"acquisitions-api"}
{"level":"info","message":"Health check endpoint accessed","service":"acquisitions-api"}
{"level":"info","message":"::1 - - [06/Dec/2025:06:57:39 +0000] \"GET /health HTTP/1.1\" 200 77 \"-\" \"-\"","service":"acquisitions-api"}
{"level":"info","message":"Health check endpoint accessed","service":"acquisitions-api"}
{"level":"info","message":"::1 - - [06/Dec/2025:06:58:09 +0000] \"GET /health HTTP/1.1\" 200 77 \"-\" \"-\"","service":"acquisitions-api"}
{"level":"info","message":"Health check endpoint accessed","service":"acquisitions-api"}
{"level":"info","message":"::1 - - [06/Dec/2025:06:58:39 +0000] \"GET /health HTTP/1.1\" 200 77 \"-\" \"-\"","service":"acquisitions-api"}
{"level":"info","message":"Health check endpoint accessed","service":"acquisitions-api"}
{"level":"info","message":"::1 - - [06/Dec/2025:06:59:09 +0000] \"GET /health HTTP/1.1\" 200 77 \"-\" \"-\"","service":"acquisitions-api"}
{"level":"info","message":"Health check endpoint accessed","service":"acquisitions-api"}
{"level":"info","message":"::1 - - [06/Dec/2025:06:59:40 +0000] \"GET /health HTTP/1.1\" 200 77 \"-\" \"-\"","service":"acquisitions-api"}
{"level":"info","message":"Health check endpoint accessed","service":"acquisitions-api"}
{"level":"info","message":"::1 - - [06/Dec/2025:07:00:10 +0000] \"GET /health HTTP/1.1\" 200 77 \"-\" \"-\"","service":"acquisitions-api"}
{"level":"info","message":"Health check endpoint accessed","service":"acquisitions-api"}
{"level":"info","message":"::1 - - [06/Dec/2025:07:00:41 +0000] \"GET /health HTTP/1.1\" 200 76 \"-\" \"-\"","service":"acquisitions-api"}
{"level":"info","message":"Health check endpoint accessed","service":"acquisitions-api"}
{"level":"info","message":"::1 - - [06/Dec/2025:07:01:11 +0000] \"GET /health HTTP/1.1\" 200 77 \"-\" \"-\"","service":"acquisitions-api"}
{"level":"info","message":"Health check endpoint accessed","service":"acquisitions-api"}
{"level":"info","message":"::1 - - [06/Dec/2025:07:01:42 +0000] \"GET /health HTTP/1.1\" 200 77 \"-\" \"-\"","service":"acquisitions-api"}
{"level":"info","message":"Health check endpoint accessed","service":"acquisitions-api"}
{"level":"info","message":"::1 - - [06/Dec/2025:07:02:12 +0000] \"GET /health HTTP/1.1\" 200 77 \"-\" \"-\"","service":"acquisitions-api"}
{"level":"info","message":"Health check endpoint accessed","service":"acquisitions-api"}
{"level":"info","message":"::1 - - [06/Dec/2025:07:02:42 +0000] \"GET /health HTTP/1.1\" 200 77 \"-\" \"-\"","service":"acquisitions-api"}
{"level":"info","message":"Health check endpoint accessed","service":"acquisitions-api"}
{"level":"info","message":"::1 - - [06/Dec/2025:07:03:13 +0000] \"GET /health HTTP/1.1\" 200 77 \"-\" \"-\"","service":"acquisitions-api"}
{"level":"info","message":"Health check endpoint accessed","service":"acquisitions-api"}
{"level":"info","message":"::1 - - [06/Dec/2025:07:03:43 +0000] \"GET /health HTTP/1.1\" 200 76 \"-\" \"-\"","service":"acquisitions-api"}
{"level":"error","message":"Error authenticating user: Error: User not found","service":"acquisitions-api"}
{"level":"error","message":"Sign in error User not found","service":"acquisitions-api","stack":"Error: User not found\n    at authenticateUser (file:///app/src/services/auth.service.js:73:13)\n    at process.processTicksAndRejections (node:internal/process/task_queues:95:5)\n    at async signIn (file:///app/src/controllers/auth.controller.js:44:18)"}
{"level":"info","message":"::ffff:172.21.0.1 - - [06/Dec/2025:07:03:52 +0000] \"POST /api/auth/sign-in HTTP/1.1\" 401 31 \"-\" \"Mozilla/5.0 (Windows NT 10.0; Win64; x64; rv:145.0) Gecko/20100101 Firefox/145.0\"","service":"acquisitions-api"}
{"level":"info","message":"Created new user: shanksreddy123@example.com","service":"acquisitions-api"}
{"level":"info","message":"User signed up: Shanks, shanksreddy123@example.com, user","service":"acquisitions-api"}
{"level":"info","message":"::ffff:172.21.0.1 - - [06/Dec/2025:07:04:08 +0000] \"POST /api/auth/sign-up HTTP/1.1\" 201 124 \"-\" \"Mozilla/5.0 (Windows NT 10.0; Win64; x64; rv:145.0) Gecko/20100101 Firefox/145.0\"","service":"acquisitions-api"}
{"level":"info","message":"Health check endpoint accessed","service":"acquisitions-api"}
{"level":"info","message":"::1 - - [06/Dec/2025:07:04:13 +0000] \"GET /health HTTP/1.1\" 200 77 \"-\" \"-\"","service":"acquisitions-api"}
{"level":"info","message":"Health check endpoint accessed","service":"acquisitions-api"}
{"level":"info","message":"::1 - - [06/Dec/2025:07:04:43 +0000] \"GET /health HTTP/1.1\" 200 77 \"-\" \"-\"","service":"acquisitions-api"}
{"level":"info","message":"Health check endpoint accessed","service":"acquisitions-api"}
{"level":"info","message":"::1 - - [06/Dec/2025:07:05:14 +0000] \"GET /health HTTP/1.1\" 200 77 \"-\" \"-\"","service":"acquisitions-api"}
{"level":"info","message":"Health check endpoint accessed","service":"acquisitions-api"}
{"level":"info","message":"::1 - - [06/Dec/2025:07:05:44 +0000] \"GET /health HTTP/1.1\" 200 77 \"-\" \"-\"","service":"acquisitions-api"}
{"level":"info","message":"User shanksreddy123@example.com authenticated successfully","service":"acquisitions-api"}
{"level":"info","message":"User signed in successfully: shanksreddy123@example.com","service":"acquisitions-api"}
{"level":"info","message":"::ffff:172.21.0.1 - - [06/Dec/2025:07:05:51 +0000] \"POST /api/auth/sign-in HTTP/1.1\" 200 124 \"-\" \"Mozilla/5.0 (Windows NT 10.0; Win64; x64; rv:145.0) Gecko/20100101 Firefox/145.0\"","service":"acquisitions-api"}
{"level":"info","message":"Health check endpoint accessed","service":"acquisitions-api"}
{"level":"info","message":"::1 - - [06/Dec/2025:07:06:14 +0000] \"GET /health HTTP/1.1\" 200 77 \"-\" \"-\"","service":"acquisitions-api"}
{"level":"info","message":"User authenticated: shanksreddy123@example.com (user)","service":"acquisitions-api"}
{"level":"info","message":"Getting user by id: 2","service":"acquisitions-api"}
{"level":"info","message":"User shanks1@example.com retrieved successfully","service":"acquisitions-api"}
{"level":"info","message":"::ffff:172.21.0.1 - - [06/Dec/2025:07:06:22 +0000] \"GET /api/users/2 HTTP/1.1\" 200 197 \"-\" \"Mozilla/5.0 (Windows NT 10.0; Win64; x64; rv:145.0) Gecko/20100101 Firefox/145.0\"","service":"acquisitions-api"}
{"level":"info","message":"User authenticated: shanksreddy123@example.com (user)","service":"acquisitions-api"}
{"level":"info","message":"Fetching all users","service":"acquisitions-api"}
{"level":"info","message":"::ffff:172.21.0.1 - - [06/Dec/2025:07:06:28 +0000] \"GET /api/users HTTP/1.1\" 200 976 \"-\" \"Mozilla/5.0 (Windows NT 10.0; Win64; x64; rv:145.0) Gecko/20100101 Firefox/145.0\"","service":"acquisitions-api"}
{"level":"info","message":"Health check endpoint accessed","service":"acquisitions-api"}
{"level":"info","message":"::1 - - [06/Dec/2025:07:06:44 +0000] \"GET /health HTTP/1.1\" 200 77 \"-\" \"-\"","service":"acquisitions-api"}
{"level":"info","message":"User authenticated: shanksreddy123@example.com (user)","service":"acquisitions-api"}
{"level":"warn","message":"Access denied for user shanksreddy123@example.com with role user. Required: admin","service":"acquisitions-api"}
{"level":"info","message":"::ffff:172.21.0.1 - - [06/Dec/2025:07:07:04 +0000] \"DELETE /api/users/2 HTTP/1.1\" 403 62 \"-\" \"Mozilla/5.0 (Windows NT 10.0; Win64; x64; rv:145.0) Gecko/20100101 Firefox/145.0\"","service":"acquisitions-api"}
{"level":"info","message":"Health check endpoint accessed","service":"acquisitions-api"}
{"level":"info","message":"::1 - - [06/Dec/2025:07:07:14 +0000] \"GET /health HTTP/1.1\" 200 77 \"-\" \"-\"","service":"acquisitions-api"}
{"level":"info","message":"Health check endpoint accessed","service":"acquisitions-api"}
{"level":"info","message":"::1 - - [06/Dec/2025:07:07:45 +0000] \"GET /health HTTP/1.1\" 200 76 \"-\" \"-\"","service":"acquisitions-api"}
{"level":"info","message":"Health check endpoint accessed","service":"acquisitions-api"}
{"level":"info","message":"::1 - - [06/Dec/2025:07:08:15 +0000] \"GET /health HTTP/1.1\" 200 77 \"-\" \"-\"","service":"acquisitions-api"}
{"level":"info","message":"Health check endpoint accessed","service":"acquisitions-api"}
{"level":"info","message":"::1 - - [06/Dec/2025:07:08:45 +0000] \"GET /health HTTP/1.1\" 200 77 \"-\" \"-\"","service":"acquisitions-api"}
{"level":"info","message":"Created new user: admin@example.com","service":"acquisitions-api"}
{"level":"info","message":"User signed up: shashank, admin@example.com, admin","service":"acquisitions-api"}
{"level":"info","message":"::ffff:172.21.0.1 - - [06/Dec/2025:07:08:49 +0000] \"POST /api/auth/sign-up HTTP/1.1\" 201 118 \"-\" \"Mozilla/5.0 (Windows NT 10.0; Win64; x64; rv:145.0) Gecko/20100101 Firefox/145.0\"","service":"acquisitions-api"}
{"level":"info","message":"Health check endpoint accessed","service":"acquisitions-api"}
{"level":"info","message":"::1 - - [06/Dec/2025:07:09:15 +0000] \"GET /health HTTP/1.1\" 200 77 \"-\" \"-\"","service":"acquisitions-api"}
{"level":"info","message":"User authenticated: admin@example.com (admin)","service":"acquisitions-api"}
{"level":"info","message":"Deleting user: 2","service":"acquisitions-api"}
{"level":"info","message":"User shanks1@example.com deleted successfully","service":"acquisitions-api"}
{"level":"info","message":"User shanks1@example.com deleted successfully","service":"acquisitions-api"}
{"level":"info","message":"::ffff:172.21.0.1 - - [06/Dec/2025:07:09:45 +0000] \"DELETE /api/users/2 HTTP/1.1\" 200 115 \"-\" \"Mozilla/5.0 (Windows NT 10.0; Win64; x64; rv:145.0) Gecko/20100101 Firefox/145.0\"","service":"acquisitions-api"}
{"level":"info","message":"Health check endpoint accessed","service":"acquisitions-api"}
{"level":"info","message":"::1 - - [06/Dec/2025:07:09:46 +0000] \"GET /health HTTP/1.1\" 200 77 \"-\" \"-\"","service":"acquisitions-api"}
{"level":"info","message":"::ffff:172.21.0.1 - - [06/Dec/2025:07:09:54 +0000] \"DELETE /api/users HTTP/1.1\" 404 151 \"-\" \"Mozilla/5.0 (Windows NT 10.0; Win64; x64; rv:145.0) Gecko/20100101 Firefox/145.0\"","service":"acquisitions-api"}
{"level":"info","message":"User authenticated: admin@example.com (admin)","service":"acquisitions-api"}
{"level":"info","message":"Fetching all users","service":"acquisitions-api"}
{"level":"info","message":"::ffff:172.21.0.1 - - [06/Dec/2025:07:09:59 +0000] \"GET /api/users HTTP/1.1\" 200 977 \"-\" \"Mozilla/5.0 (Windows NT 10.0; Win64; x64; rv:145.0) Gecko/20100101 Firefox/145.0\"","service":"acquisitions-api"}
{"level":"info","message":"Health check endpoint accessed","service":"acquisitions-api"}
{"level":"info","message":"::1 - - [06/Dec/2025:07:10:16 +0000] \"GET /health HTTP/1.1\" 200 76 \"-\" \"-\"","service":"acquisitions-api"}
